[Jan 21 2019 15:54:34] [DEBUG] main.cpp:16 main():server start success
t_service_conf
cgi-bin
doku_provide.fcg
func:doku_provide
service:unipay
fortumo_proc.fcg
func:fortumo_provide
service:unipay
get_ip_list.fcg
func:mobile_getip_list
service:unipay
get_qqacct_info.fcg
func:get_qqacct_info
service:unipay
hfpay_notify.fcg
func:hfpay_notify
service:unipay
hfpay_query.fcg
func:hfpay_query
service:unipay
ipay88_proc.fcg
func:ipay88_provide
service:unipay
migudongman_notify.fcg
func:migudongman_notify
service:unipay
mobile_get_cardbill_info.fcg
func:mobile_get_cardbill_info
service:unipay
mobile_get_config.fcg
func:mobile_get_config
service:unipay
mobile_get_image.fcg
func:mobile_get_verifycode
service:unipay
mobile_get_key.fcg
func:mobile_get_key
service:unipay
mobile_mb_smscode.fcg
func:mobile_mb_smscode
service:unipay
mobile_mp_info.fcg
func:mobile_mp_info
service:unipay
mobile_overseas_callback.fcg
func:mobile_overseas_callback
service:unipay
mobile_push_msg.fcg
func:mobile_push_msg
service:unipay
mobile_standalong_proc.fcg
func:mobile_standalong_proc
service:unipay
os_37wan_provide.fcg
func:os_37wan_provide
service:unipay
os_adyen_provide.fcg
func:os_adyen_provide
service:unipay
os_bluepay_proc.fcg
func:os_bluepay_provide
service:unipay
os_boacompra_provide.fcg
func:os_boacompra_provide
service:unipay
os_boku_proc.fcg
func:os_boku_provide
service:unipay
os_cmhk_provide.fcg
func:os_cmhk_provide
service:unipay
os_codapay_provide.fcg
func:os_codapay_provide
service:unipay
os_digi_provide.fcg
func:os_digi_provide
service:unipay
os_efun_provide.fcg
func:os_efun_provide
service:unipay
os_fb_provide.fcg
func:os_fb_provide
service:unipay
os_feiliu_provide.fcg
func:os_feiliu_provide
service:unipay
os_fortumo_provide.fcg
func:os_fortumo_provide
service:unipay
os_kunpeng_proc.fcg
func:os_kunpeng_provide
service:unipay
os_ledou_provide.fcg
func:os_ledou_provide
service:unipay
os_mol_global_provide.fcg
func:os_mol_global_provide
service:unipay
os_mol_tha_provide.fcg
func:os_mol_tha_provide
service:unipay
os_mycard_query.fcg
func:os_mycard_query
service:unipay
os_oasis_provide.fcg
func:os_oasis_provide
service:unipay
os_paytm_provide.fcg
func:os_paytm_provide
service:unipay
os_ps4_provide.fcg
func:os_ps4_provide
service:unipay
os_remitpay_provide.fcg
func:os_remitpay_provide
service:unipay
os_skrill_provide.fcg
func:os_skrill_provide
service:unipay
os_telenor_provide.fcg
func:os_telenor_provide
service:unipay
os_telkomsel_provide.fcg
func:os_telkomsel_provide
service:unipay
os_unipin_provide.fcg
func:os_unipin_provide
service:unipay
os_vng_provide.fcg
func:os_vng_provide
service:unipay
os_worldpay_provide.fcg
func:os_worldpay_provide
service:unipay
os_xsolla_proc.fcg
func:os_xsolla_provide
service:unipay
os_youzu_provide.fcg
func:os_youzu_provide
service:unipay
packet_proc.fcg
func:packet_proc
service:unipay
paypal_provide.fcg
func:paypal_provide
service:unipay
pmwall_proc.fcg
func:paymentwall_provide
service:unipay
qqwallet_contract_notify.fcg
func:qqwallet_contract_notify
service:unipay
qqwallet_provide.fcg
func:qqwallet_provide
service:unipay
query_order.fcg
func:query_order
service:unipay
query_refund.fcg
func:query_refund
service:unipay
receipt_proc.fcg
func:receipt_proc
service:unipay
refund.fcg
func:refund
service:unipay
remitpay_provide.fcg
func:remitpay_provide
service:unipay
rppoint_proxy.fcg
func:rppoint_proxy
service:unipay
twmycard_checkup.fcg
func:twmycard_checkup
service:unipay
twmycard_provide.fcg
func:twmycard_provide
service:unipay
wechatapp_provide.fcg
func:wechatapp_provide
service:unipay
wf_2345_provide.fcg
func:wf_2345_provide
service:unipay
wf_aiyouxi_provide.fcg
func:wf_aiyouxi_provide
service:unipay
wf_dangle_provide.fcg
func:wf_dangle_provide
service:unipay
wf_douyu_provide.fcg
func:wf_douyu_provide
service:unipay
wf_muzhiwan_provide.fcg
func:wf_muzhiwan_provide
service:unipay
