./start.sh: line 12: ./zcp_server: No such file or directory
./start.sh: line 12: ./zcp_server: No such file or directory
[2019-05-10 14:58:59 678602] [DEBUG] [main.cpp:21 main()] server start success
test
88
[2019-05-10 14:58:59 678864] [DEBUG] [main.cpp:27 main()] TEST:10
[2019-05-10 14:59:12 822061] [DEBUG] [main.cpp:21 main()] server start success
test
88
[2019-05-10 14:59:12 822280] [DEBUG] [main.cpp:27 main()] TEST:10
[2019-05-10 15:01:13 452425] [DEBUG] [main.cpp:21 main()] server start success
test
88
[2019-05-10 15:01:13 452754] [DEBUG] [main.cpp:27 main()] TEST:10
i
ab
ac
ad
1:ab
2:ac
3:ad
[2019-05-10 15:06:25 570481] [DEBUG] [example_curl.cpp:93 main()] test:aaa%2Cbbb
[2019-05-10 15:06:25 570600] [DEBUG] [example_curl.cpp:97 main()] test:aaa,bbb
[2019-05-10 15:19:08 942284] [DEBUG] [main.cpp:21 main()] server start success
test
88
[2019-05-10 15:25:02 273002] [DEBUG] [example_epoll.cpp:135 main()] example_epoll start success
[2019-05-10 15:25:02 273111] [DEBUG] [example_epoll.cpp:136 main()] push
push
[2019-05-10 15:36:37 578370] [DEBUG] [example_epoll.cpp:135 main()] example_epoll start success
[2019-05-10 15:36:37 578487] [DEBUG] [example_epoll.cpp:136 main()] push
push
[2019-05-10 15:52:27 917746] [DEBUG] [example_epoll.cpp:135 main()] example_epoll start success
[2019-05-10 15:52:27 917903] [DEBUG] [example_epoll.cpp:136 main()] push
