[2020-07-16 19:34:10 601656] [1;32m[DEBUG][m [main.cpp:30 main()] ./zcp_server ../conf/server.conf.xml
[2020-07-16 19:34:10 601972] [1;32m[DEBUG][m [main.cpp:42 main()] ip:9.134.3.96 port:8765 count:8
[2020-07-16 19:34:10 601985] [1;32m[DEBUG][m [main.cpp:46 main()] daemonize begin
[2020-07-16 19:34:10 602907] [1;32m[DEBUG][m [main.cpp:24 fork_child()] fork child pid:4053
[2020-07-16 19:34:10 603235] [1;32m[DEBUG][m [main.cpp:24 fork_child()] fork child pid:4057
[2020-07-16 19:34:10 603727] [1;32m[DEBUG][m [main.cpp:24 fork_child()] fork child pid:4061
[2020-07-16 19:34:10 604052] [1;32m[DEBUG][m [main.cpp:24 fork_child()] fork child pid:4062
[2020-07-16 19:34:10 604325] [1;32m[DEBUG][m [main.cpp:24 fork_child()] fork child pid:4063
[2020-07-16 19:34:10 604923] [1;32m[DEBUG][m [main.cpp:24 fork_child()] fork child pid:4064
[2020-07-16 19:34:10 605347] [1;32m[DEBUG][m [main.cpp:24 fork_child()] fork child pid:4065
[2020-07-16 19:34:10 605769] [1;32m[DEBUG][m [main.cpp:24 fork_child()] fork child pid:4066
[2020-07-16 19:34:30 828893] [1;32m[DEBUG][m [server.cpp:308 do_accept()] (TCP)New accept ip:10.80.36.81 socket:5 pid:4057
[2020-07-16 19:34:34 449913] [1;32m[DEBUG][m [server.cpp:308 do_accept()] (TCP)New accept ip:10.80.36.81 socket:5 pid:4066
[2020-07-16 19:34:36 698701] [1;32m[DEBUG][m [server.cpp:308 do_accept()] (TCP)New accept ip:10.80.36.81 socket:6 pid:4066
[2020-07-16 19:41:03 877187] [1;32m[DEBUG][m [main.cpp:30 main()] ./zcp_server ../conf/server.conf.xml
[2020-07-16 19:41:03 877493] [1;32m[DEBUG][m [main.cpp:42 main()] ip:9.134.3.96 port:8765 count:8
[2020-07-16 19:41:03 877510] [1;32m[DEBUG][m [main.cpp:46 main()] daemonize begin
[2020-07-16 19:41:03 878329] [1;32m[DEBUG][m [main.cpp:24 fork_child()] fork child pid:5456
[2020-07-16 19:41:03 878756] [1;32m[DEBUG][m [main.cpp:24 fork_child()] fork child pid:5462
[2020-07-16 19:41:03 878992] [1;32m[DEBUG][m [main.cpp:24 fork_child()] fork child pid:5463
[2020-07-16 19:41:03 879204] [1;32m[DEBUG][m [main.cpp:24 fork_child()] fork child pid:5464
[2020-07-16 19:41:03 879426] [1;32m[DEBUG][m [main.cpp:24 fork_child()] fork child pid:5465
[2020-07-16 19:41:03 879644] [1;32m[DEBUG][m [main.cpp:24 fork_child()] fork child pid:5466
[2020-07-16 19:41:03 879871] [1;32m[DEBUG][m [main.cpp:24 fork_child()] fork child pid:5467
[2020-07-16 19:41:03 880089] [1;32m[DEBUG][m [main.cpp:24 fork_child()] fork child pid:5468
[2020-07-16 19:45:17 132322] [1;32m[DEBUG][m [main.cpp:30 main()] ./zcp_server ../conf/server.conf.xml
[2020-07-16 19:45:17 132647] [1;32m[DEBUG][m [main.cpp:42 main()] ip:9.134.3.96 port:8765 count:8
[2020-07-16 19:45:17 132677] [1;32m[DEBUG][m [main.cpp:46 main()] daemonize begin
[2020-07-16 19:45:17 133227] [1;32m[DEBUG][m [main.cpp:24 fork_child()] fork child pid:6475
[2020-07-16 19:45:17 133529] [1;32m[DEBUG][m [main.cpp:24 fork_child()] fork child pid:6478
[2020-07-16 19:45:17 133750] [1;32m[DEBUG][m [main.cpp:24 fork_child()] fork child pid:6482
[2020-07-16 19:45:17 133983] [1;32m[DEBUG][m [main.cpp:24 fork_child()] fork child pid:6484
[2020-07-16 19:45:17 134204] [1;32m[DEBUG][m [main.cpp:24 fork_child()] fork child pid:6485
[2020-07-16 19:45:17 134441] [1;32m[DEBUG][m [main.cpp:24 fork_child()] fork child pid:6486
[2020-07-16 19:45:17 134666] [1;32m[DEBUG][m [main.cpp:24 fork_child()] fork child pid:6487
[2020-07-16 19:45:17 134892] [1;32m[DEBUG][m [main.cpp:24 fork_child()] fork child pid:6488
[2020-07-16 19:45:26 453169] [1;32m[DEBUG][m [server.cpp:308 do_accept()] (TCP)New accept ip:10.80.36.81 socket:5 pid:6485
[2020-07-16 19:49:16 942642] [1;32m[DEBUG][m [main.cpp:30 main()] ./zcp_server ../conf/server.conf.xml
[2020-07-16 19:49:16 942770] [1;32m[DEBUG][m [main.cpp:37 main()] daemonize begin
[2020-07-16 19:49:16 943287] [1;31m[ERROR][m [xml_parser.cpp:50 xml_to_map()] [errno:2 err:No such file or directory] load file failed : ../conf/server.conf.xml
[2020-07-16 19:49:16 943377] [1;31m[ERROR][m [main.cpp:49 main()] [errno:2 err:No such file or directory] xml_to_map error
